<?xml version="1.0" encoding="UTF-8"?>
<!-- Generated by org.testng.reporters.JUnitReportReporter -->
<testsuite hostname="Mac" failures="0" tests="1" name="main.ControllTest" time="3.457" errors="0" timestamp="2025-02-25T18:58:20 IST" skipped="0">
  <testcase classname="main.ControllTest" name="assignment" time="3.457"/>
  <system-out/>
</testsuite> <!-- main.ControllTest -->
